<?xml version="1.0" encoding="UTF-8"?>
<testng-results ignored="0" total="2" passed="2" failed="0" skipped="0">
  <reporter-output>
  </reporter-output>
  <suite started-at="2021-09-04T13:24:36Z" name="Default suite" finished-at="2021-09-04T13:24:40Z" duration-ms="4409">
    <groups>
    </groups>
    <test started-at="2021-09-04T13:24:36Z" name="Default test" finished-at="2021-09-04T13:24:40Z" duration-ms="4409">
      <class name="getting_started.Getting_Started">
        <test-method signature="simple_get_request()[pri:0, instance:getting_started.Getting_Started@398dada8]" started-at="2021-09-04T13:24:36Z" name="simple_get_request" finished-at="2021-09-04T13:24:39Z" duration-ms="3036" status="PASS">
          <reporter-output>
          </reporter-output>
        </test-method> <!-- simple_get_request -->
        <test-method signature="validate_json()[pri:0, instance:getting_started.Getting_Started@398dada8]" started-at="2021-09-04T13:24:39Z" name="validate_json" finished-at="2021-09-04T13:24:40Z" duration-ms="1292" status="PASS">
          <reporter-output>
          </reporter-output>
        </test-method> <!-- validate_json -->
      </class> <!-- getting_started.Getting_Started -->
    </test> <!-- Default test -->
  </suite> <!-- Default suite -->
</testng-results>
